filter_l[0]: 0.429471, filter[0]: -26.938999 | 0'th element of conv is diffent. 0.000000, correct 47.329876
1'th element of conv is diffent. 0.000000, correct 12.629228
2'th element of conv is diffent. 0.000000, correct 38.039589
3'th element of conv is diffent. 0.000000, correct 54.960331
4'th element of conv is diffent. 0.000000, correct 39.075035
5'th element of conv is diffent. 0.000000, correct 31.649565
6'th element of conv is diffent. 0.000000, correct 28.861898
7'th element of conv is diffent. 0.000000, correct 19.909058
8'th element of conv is diffent. 0.000000, correct 58.688938
9'th element of conv is diffent. 0.000000, correct 115.844040
10'th element of conv is diffent. 0.000000, correct 110.865128
11'th element of conv is diffent. 0.000000, correct 76.097694
12'th element of conv is diffent. 0.000000, correct 73.042511
13'th element of conv is diffent. 0.000000, correct 64.462601
14'th element of conv is diffent. 0.000000, correct 49.583260
15'th element of conv is diffent. 0.000000, correct 41.408707
16'th element of conv is diffent. 0.000000, correct 50.554199
17'th element of conv is diffent. 0.000000, correct 64.062225
18'th element of conv is diffent. 0.000000, correct 71.651886
19'th element of conv is diffent. 0.000000, correct 57.046646
20'th element of conv is diffent. 0.000000, correct 42.525620
21'th element of conv is diffent. 0.000000, correct 52.581963
22'th element of conv is diffent. 0.000000, correct 88.665161
23'th element of conv is diffent. 0.000000, correct 105.631485
24'th element of conv is diffent. 0.000000, correct 115.290558
25'th element of conv is diffent. 0.000000, correct 105.909180
26'th element of conv is diffent. 0.000000, correct 49.897568
27'th element of conv is diffent. 0.000000, correct 2.602239
29'th element of conv is diffent. 0.000000, correct 27.286774
30'th element of conv is diffent. 0.000000, correct 56.695530
31'th element of conv is diffent. 0.000000, correct 59.868973
32'th element of conv is diffent. 0.000000, correct 45.657116
33'th element of conv is diffent. 0.000000, correct 33.627720
34'th element of conv is diffent. 0.000000, correct 22.579861
37'th element of conv is diffent. 2.065722, correct 39.700577
38'th element of conv is diffent. 1.979803, correct 123.648979
39'th element of conv is diffent. 0.000000, correct 128.316208
40'th element of conv is diffent. 0.000000, correct 121.517090
41'th element of conv is diffent. 0.000000, correct 80.446182
42'th element of conv is diffent. 0.000000, correct 58.430908
43'th element of conv is diffent. 0.000000, correct 54.953316
44'th element of conv is diffent. 0.000000, correct 56.532585
45'th element of conv is diffent. 0.000000, correct 22.939320
48'th element of conv is diffent. 4.175627, correct 0.000000
49'th element of conv is diffent. 14.172485, correct 12.703217
50'th element of conv is diffent. 8.895840, correct 52.538383
51'th element of conv is diffent. 0.000000, correct 39.174820
52'th element of conv is diffent. 0.000000, correct 16.590994
53'th element of conv is diffent. 0.000000, correct 27.488186
54'th element of conv is diffent. 0.000000, correct 59.761745
55'th element of conv is diffent. 0.000000, correct 80.391457
56'th element of conv is diffent. 0.000000, correct 76.123405
57'th element of conv is diffent. 0.000000, correct 73.977455
58'th element of conv is diffent. 0.000000, correct 60.702900
59'th element of conv is diffent. 0.000000, correct 47.560539
60'th element of conv is diffent. 0.000000, correct 57.261196
61'th element of conv is diffent. 0.000000, correct 67.621887
62'th element of conv is diffent. 0.000000, correct 81.119774
63'th element of conv is diffent. 0.000000, correct 83.974480
64'th element of conv is diffent. 0.000000, correct 50.448677
65'th element of conv is diffent. 0.000000, correct 18.786474
66'th element of conv is diffent. 0.000000, correct 8.922489
67'th element of conv is diffent. 0.000000, correct 27.979692
68'th element of conv is diffent. 0.240021, correct 49.067924
69'th element of conv is diffent. 0.000000, correct 72.850876
70'th element of conv is diffent. 0.000000, correct 81.091354
71'th element of conv is diffent. 0.000000, correct 55.123085
72'th element of conv is diffent. 0.000000, correct 46.994228
73'th element of conv is diffent. 0.000000, correct 69.137383
74'th element of conv is diffent. 0.000000, correct 66.783012
75'th element of conv is diffent. 0.000000, correct 35.173882
76'th element of conv is diffent. 0.000000, correct 46.474373
77'th element of conv is diffent. 0.000000, correct 57.551910
78'th element of conv is diffent. 0.000000, correct 66.530869
79'th element of conv is diffent. 0.000000, correct 115.772011
80'th element of conv is diffent. 0.000000, correct 113.410187
81'th element of conv is diffent. 0.000000, correct 96.089020
82'th element of conv is diffent. 0.000000, correct 69.404816
83'th element of conv is diffent. 0.000000, correct 66.288055
84'th element of conv is diffent. 0.000000, correct 91.559296
85'th element of conv is diffent. 0.000000, correct 117.037041
86'th element of conv is diffent. 0.000000, correct 120.030533
87'th element of conv is diffent. 0.000000, correct 82.350250
88'th element of conv is diffent. 0.000000, correct 52.362045
89'th element of conv is diffent. 0.000000, correct 39.865685
90'th element of conv is diffent. 0.000000, correct 63.774185
91'th element of conv is diffent. 0.000000, correct 88.815582
92'th element of conv is diffent. 0.000000, correct 82.426682
93'th element of conv is diffent. 0.000000, correct 62.060818
94'th element of conv is diffent. 0.000000, correct 44.202381
95'th element of conv is diffent. 0.000000, correct 47.310413
96'th element of conv is diffent. 0.000000, correct 62.259083
97'th element of conv is diffent. 0.000000, correct 70.660332
98'th element of conv is diffent. 0.000000, correct 52.116325
99'th element of conv is diffent. 0.000000, correct 40.133995
100'th element of conv is diffent. 0.000000, correct 42.027092
101'th element of conv is diffent. 0.000000, correct 45.435638
102'th element of conv is diffent. 0.000000, correct 51.687088
103'th element of conv is diffent. 0.000000, correct 45.397900
105'th element of conv is diffent. 0.000000, correct 1.545988
106'th element of conv is diffent. 0.000000, correct 47.136269
107'th element of conv is diffent. 0.000000, correct 85.611511
108'th element of conv is diffent. 0.000000, correct 98.725845
109'th element of conv is diffent. 0.000000, correct 99.258469
110'th element of conv is diffent. 0.000000, correct 74.503914
111'th element of conv is diffent. 0.000000, correct 47.718609
112'th element of conv is diffent. 0.000000, correct 9.742294
116'th element of conv is diffent. 14.000906, correct 1.891152
117'th element of conv is diffent. 4.571255, correct 20.014046
118'th element of conv is diffent. 6.113195, correct 65.969849
119'th element of conv is diffent. 0.000000, correct 92.326874
120'th element of conv is diffent. 0.000000, correct 78.948471
121'th element of conv is diffent. 0.000000, correct 58.996628
122'th element of conv is diffent. 0.000000, correct 58.384903
123'th element of conv is diffent. 0.000000, correct 52.944420
124'th element of conv is diffent. 0.000000, correct 24.922379
125'th element of conv is diffent. 0.000000, correct 21.088177
126'th element of conv is diffent. 0.000000, correct 33.439625
127'th element of conv is diffent. 0.000000, correct 42.775879
128'th element of conv is diffent. 0.000000, correct 37.610184
129'th element of conv is diffent. 0.000000, correct 50.559856
130'th element of conv is diffent. 0.000000, correct 84.937996
131'th element of conv is diffent. 0.000000, correct 99.779816
132'th element of conv is diffent. 0.000000, correct 86.830978
133'th element of conv is diffent. 0.000000, correct 57.366962
134'th element of conv is diffent. 0.000000, correct 18.947346
137'th element of conv is diffent. 0.373366, correct 37.756371
138'th element of conv is diffent. 9.792756, correct 48.628876
139'th element of conv is diffent. 0.000000, correct 15.612694
140'th element of conv is diffent. 0.000000, correct 23.995140
141'th element of conv is diffent. 0.000000, correct 75.223923
142'th element of conv is diffent. 0.000000, correct 78.317467
143'th element of conv is diffent. 0.000000, correct 18.986879
144'th element of conv is diffent. 0.000000, correct 10.622873
145'th element of conv is diffent. 0.000000, correct 33.893654
146'th element of conv is diffent. 0.000000, correct 43.205803
147'th element of conv is diffent. 0.000000, correct 50.109558
148'th element of conv is diffent. 0.000000, correct 54.252522
149'th element of conv is diffent. 0.000000, correct 21.339676
153'th element of conv is diffent. 8.819550, correct 47.315994
154'th element of conv is diffent. 0.000000, correct 86.063950
155'th element of conv is diffent. 0.000000, correct 113.811676
156'th element of conv is diffent. 0.000000, correct 81.346222
157'th element of conv is diffent. 0.000000, correct 89.220604
158'th element of conv is diffent. 0.000000, correct 150.759964
159'th element of conv is diffent. 0.000000, correct 165.398376
160'th element of conv is diffent. 0.000000, correct 131.094055
161'th element of conv is diffent. 0.000000, correct 75.693520
162'th element of conv is diffent. 0.000000, correct 0.355459
165'th element of conv is diffent. 13.387092, correct 65.990532
166'th element of conv is diffent. 5.369927, correct 115.837303
167'th element of conv is diffent. 0.000000, correct 127.646904
168'th element of conv is diffent. 0.000000, correct 114.359177
169'th element of conv is diffent. 0.000000, correct 87.411125
170'th element of conv is diffent. 0.000000, correct 94.579788
171'th element of conv is diffent. 0.000000, correct 97.841522
172'th element of conv is diffent. 0.000000, correct 99.690384
173'th element of conv is diffent. 0.000000, correct 103.232018
174'th element of conv is diffent. 0.000000, correct 95.626709
175'th element of conv is diffent. 0.000000, correct 82.587067
176'th element of conv is diffent. 0.000000, correct 62.739658
177'th element of conv is diffent. 0.000000, correct 34.787582
178'th element of conv is diffent. 0.000000, correct 38.428684
179'th element of conv is diffent. 0.000000, correct 41.115997
180'th element of conv is diffent. 0.000000, correct 21.260651
181'th element of conv is diffent. 0.000000, correct 13.119652
183'th element of conv is diffent. 0.000000, correct 21.705778
184'th element of conv is diffent. 0.000000, correct 80.427116
185'th element of conv is diffent. 0.000000, correct 84.949631
186'th element of conv is diffent. 0.000000, correct 52.910728
187'th element of conv is diffent. 0.000000, correct 8.933730
190'th element of conv is diffent. 2.030508, correct 0.000000
194'th element of conv is diffent. 4.035922, correct 0.000000
195'th element of conv is diffent. 1.062420, correct 0.000000
196'th element of conv is diffent. 1.537464, correct 21.431219
197'th element of conv is diffent. 2.591496, correct 62.394154
198'th element of conv is diffent. 0.000000, correct 53.791481
199'th element of conv is diffent. 0.000000, correct 34.117126
200'th element of conv is diffent. 0.000000, correct 35.110405
201'th element of conv is diffent. 0.000000, correct 42.119366
202'th element of conv is diffent. 0.000000, correct 60.781906
203'th element of conv is diffent. 0.000000, correct 84.392578
204'th element of conv is diffent. 0.000000, correct 122.552887
205'th element of conv is diffent. 0.000000, correct 123.802704
206'th element of conv is diffent. 0.000000, correct 100.858856
207'th element of conv is diffent. 0.000000, correct 103.824051
208'th element of conv is diffent. 0.000000, correct 105.684662
209'th element of conv is diffent. 0.000000, correct 120.343605
210'th element of conv is diffent. 0.000000, correct 125.460480
211'th element of conv is diffent. 0.000000, correct 118.302612
212'th element of conv is diffent. 0.000000, correct 117.639397
213'th element of conv is diffent. 0.000000, correct 114.831985
214'th element of conv is diffent. 0.000000, correct 110.460670
215'th element of conv is diffent. 0.000000, correct 78.549210
216'th element of conv is diffent. 0.000000, correct 39.026237
218'th element of conv is diffent. 0.000000, correct 3.687583
219'th element of conv is diffent. 4.240104, correct 102.393188
220'th element of conv is diffent. 0.000000, correct 139.928528
221'th element of conv is diffent. 0.000000, correct 80.959908
filter_l[0]: 0.429471, filter[0]: -103.939003 | images/bin/0/0.bin : bucket, pail : 0.005
images/bin/0/1.bin : bucket, pail : 0.005
Elapsed time: 2.246 sec
